  title1.cpp
  timebg.cpp
  title.cpp
  talk9.cpp
  talk8.cpp
  talk7.cpp
  talk6.cpp
  talk5.cpp
  talk4.cpp
  talk3.cpp
  talk2.cpp
  talk1.cpp
  talk.cpp
  sound.cpp
  score.cpp
  result.cpp
  prop2.cpp
  prop.cpp
  press.cpp
  polygon.cpp
  コードを生成中...
  コンパイル中...
  pause.cpp
  main.cpp
  lifeenemy.cpp
  life.cpp
  key.cpp
  jieshaobg.cpp
  jieshao.cpp
  input.cpp
  game3.cpp
  game2.cpp
  game1.cpp
  door.cpp
  fade.cpp
  explosionenemy.cpp
  explosion.cpp
  enemy3.cpp
  enemy2.cpp
  enemy.cpp
  effect.cpp
  computer.cpp
  コードを生成中...
  コンパイル中...
  caiquan.cpp
  bulletenemy.cpp
  bullet.cpp
  bg3.cpp
  bg2.cpp
  bg1.cpp
  avatar.cpp
  コードを生成中...
  DX2015_05_28.vcxproj -> D:\DX编程\DX2015_05_28\DX2015_05_28.exe
  DX2015_05_28.vcxproj -> D:\DX编程\DX2015_05_28\DX2015_05_28.pdb (Full PDB)
